2025-07-15 15:26:50,410 INFO o.a.j.u.JMeterUtils: Setting Locale to en_EN
2025-07-15 15:26:50,439 INFO o.a.j.JMeter: Loading user properties from: /opt/jmeter/bin/user.properties
2025-07-15 15:26:50,439 INFO o.a.j.JMeter: Loading system properties from: /opt/jmeter/bin/system.properties
2025-07-15 15:26:50,447 INFO o.a.j.JMeter: Copyright (c) 1998-2024 The Apache Software Foundation
2025-07-15 15:26:50,447 INFO o.a.j.JMeter: Version 5.6.3
2025-07-15 15:26:50,448 INFO o.a.j.JMeter: java.version=21.0.7
2025-07-15 15:26:50,448 INFO o.a.j.JMeter: java.vm.name=OpenJDK 64-Bit Server VM
2025-07-15 15:26:50,448 INFO o.a.j.JMeter: os.name=Linux
2025-07-15 15:26:50,448 INFO o.a.j.JMeter: os.arch=amd64
2025-07-15 15:26:50,448 INFO o.a.j.JMeter: os.version=6.8.0-63-generic
2025-07-15 15:26:50,448 INFO o.a.j.JMeter: file.encoding=UTF-8
2025-07-15 15:26:50,448 INFO o.a.j.JMeter: java.awt.headless=true
2025-07-15 15:26:50,448 INFO o.a.j.JMeter: Max memory     =1073741824
2025-07-15 15:26:50,449 INFO o.a.j.JMeter: Available Processors =8
2025-07-15 15:26:50,463 INFO o.a.j.JMeter: Default Locale=English (EN)
2025-07-15 15:26:50,464 INFO o.a.j.JMeter: JMeter  Locale=English (EN)
2025-07-15 15:26:50,464 INFO o.a.j.JMeter: JMeterHome=/opt/jmeter
2025-07-15 15:26:50,464 INFO o.a.j.JMeter: user.dir  =/home/gercom/OpenSAS
2025-07-15 15:26:50,464 INFO o.a.j.JMeter: PWD       =/home/gercom/OpenSAS
2025-07-15 15:26:50,465 INFO o.a.j.JMeter: IP: 127.0.1.1 Name: opensas FullName: opensas
2025-07-15 15:26:50,489 INFO o.a.j.s.FileServer: Default base='/home/gercom/OpenSAS'
2025-07-15 15:26:50,492 INFO o.a.j.s.FileServer: Set new base='/home/gercom/OpenSAS/plans'
2025-07-15 15:26:50,844 INFO o.a.j.s.SaveService: Testplan (JMX) version: 2.2. Testlog (JTL) version: 2.2
2025-07-15 15:26:50,895 INFO o.a.j.s.SaveService: Using SaveService properties version 5.0
2025-07-15 15:26:50,900 INFO o.a.j.s.SaveService: Using SaveService properties file encoding UTF-8
2025-07-15 15:26:50,906 INFO o.a.j.s.SaveService: Loading file: plans/sas_full_flow_stress.jmx
2025-07-15 15:26:51,002 INFO o.a.j.p.h.s.HTTPSamplerBase: Parser for text/html is org.apache.jmeter.protocol.http.parser.LagartoBasedHtmlParser
2025-07-15 15:26:51,002 INFO o.a.j.p.h.s.HTTPSamplerBase: Parser for application/xhtml+xml is org.apache.jmeter.protocol.http.parser.LagartoBasedHtmlParser
2025-07-15 15:26:51,002 INFO o.a.j.p.h.s.HTTPSamplerBase: Parser for application/xml is org.apache.jmeter.protocol.http.parser.LagartoBasedHtmlParser
2025-07-15 15:26:51,002 INFO o.a.j.p.h.s.HTTPSamplerBase: Parser for text/xml is org.apache.jmeter.protocol.http.parser.LagartoBasedHtmlParser
2025-07-15 15:26:51,003 INFO o.a.j.p.h.s.HTTPSamplerBase: Parser for text/vnd.wap.wml is org.apache.jmeter.protocol.http.parser.RegexpHTMLParser
2025-07-15 15:26:51,003 INFO o.a.j.p.h.s.HTTPSamplerBase: Parser for text/css is org.apache.jmeter.protocol.http.parser.CssParser
2025-07-15 15:26:51,043 INFO o.a.j.JMeter: Creating summariser <summary>
2025-07-15 15:26:51,074 INFO o.a.j.e.StandardJMeterEngine: Running the test!
2025-07-15 15:26:51,075 INFO o.a.j.s.SampleEvent: List of sample_variables: []
2025-07-15 15:26:51,075 INFO o.a.j.s.SampleEvent: List of sample_variables: []
2025-07-15 15:26:51,081 INFO o.a.j.e.u.CompoundVariable: Note: Function class names must contain the string: '.functions.'
2025-07-15 15:26:51,081 INFO o.a.j.e.u.CompoundVariable: Note: Function class names must not contain the string: '.gui.'
2025-07-15 15:26:51,207 INFO o.a.j.JMeter: Running test (1752593211207)
2025-07-15 15:26:51,244 INFO o.a.j.e.StandardJMeterEngine: Starting ThreadGroup: 1 : SAS Full Flow Thread Group
2025-07-15 15:26:51,245 INFO o.a.j.e.StandardJMeterEngine: Starting 50 threads for group SAS Full Flow Thread Group.
2025-07-15 15:26:51,245 INFO o.a.j.e.StandardJMeterEngine: Thread will continue on error
2025-07-15 15:26:51,245 INFO o.a.j.t.ThreadGroup: Starting thread group... number=1 threads=50 ramp-up=90 delayedStart=false
2025-07-15 15:26:51,259 INFO o.a.j.t.JMeterThread: Thread started: SAS Full Flow Thread Group 1-1
2025-07-15 15:26:51,294 INFO o.a.j.p.h.s.HTTPHCAbstractImpl: Local host = opensas
2025-07-15 15:26:51,310 INFO o.a.j.p.h.s.HTTPHC4Impl: HTTP request retry count = 0
2025-07-15 15:26:51,314 INFO o.a.j.s.SampleResult: Note: Sample TimeStamps are START times
2025-07-15 15:26:51,314 INFO o.a.j.s.SampleResult: sampleresult.default.encoding is set to UTF-8
2025-07-15 15:26:51,315 INFO o.a.j.s.SampleResult: sampleresult.useNanoTime=true
2025-07-15 15:26:51,315 INFO o.a.j.s.SampleResult: sampleresult.nanoThreadSleep=5000
2025-07-15 15:26:51,354 INFO o.a.j.t.ThreadGroup: Started thread group number 1
2025-07-15 15:26:51,354 INFO o.a.j.e.StandardJMeterEngine: All thread groups have been started
2025-07-15 15:26:53,050 INFO o.a.j.t.JMeterThread: Thread started: SAS Full Flow Thread Group 1-2
2025-07-15 15:26:54,852 INFO o.a.j.t.JMeterThread: Thread started: SAS Full Flow Thread Group 1-3
2025-07-15 15:26:56,650 INFO o.a.j.t.JMeterThread: Thread started: SAS Full Flow Thread Group 1-4
2025-07-15 15:26:58,449 INFO o.a.j.t.JMeterThread: Thread started: SAS Full Flow Thread Group 1-5
2025-07-15 15:27:00,249 INFO o.a.j.t.JMeterThread: Thread started: SAS Full Flow Thread Group 1-6
2025-07-15 15:27:00,667 INFO o.a.j.r.Summariser: summary +      7 in 00:00:09 =    0.7/s Avg:  2489 Min:   939 Max:  3086 Err:     7 (100.00%) Active: 6 Started: 6 Finished: 0
2025-07-15 15:27:02,050 INFO o.a.j.t.JMeterThread: Thread started: SAS Full Flow Thread Group 1-7
2025-07-15 15:27:03,848 INFO o.a.j.t.JMeterThread: Thread started: SAS Full Flow Thread Group 1-8
2025-07-15 15:27:05,649 INFO o.a.j.t.JMeterThread: Thread started: SAS Full Flow Thread Group 1-9
2025-07-15 15:27:07,449 INFO o.a.j.t.JMeterThread: Thread started: SAS Full Flow Thread Group 1-10
2025-07-15 15:27:09,249 INFO o.a.j.t.JMeterThread: Thread started: SAS Full Flow Thread Group 1-11
2025-07-15 15:27:11,047 INFO o.a.j.t.JMeterThread: Thread started: SAS Full Flow Thread Group 1-12
2025-07-15 15:27:12,848 INFO o.a.j.t.JMeterThread: Thread started: SAS Full Flow Thread Group 1-13
2025-07-15 15:27:14,647 INFO o.a.j.t.JMeterThread: Thread started: SAS Full Flow Thread Group 1-14
2025-07-15 15:27:16,449 INFO o.a.j.t.JMeterThread: Thread started: SAS Full Flow Thread Group 1-15
2025-07-15 15:27:18,248 INFO o.a.j.t.JMeterThread: Thread started: SAS Full Flow Thread Group 1-16
2025-07-15 15:27:20,048 INFO o.a.j.t.JMeterThread: Thread started: SAS Full Flow Thread Group 1-17
2025-07-15 15:27:21,849 INFO o.a.j.t.JMeterThread: Thread started: SAS Full Flow Thread Group 1-18
2025-07-15 15:27:23,649 INFO o.a.j.t.JMeterThread: Thread started: SAS Full Flow Thread Group 1-19
2025-07-15 15:27:25,449 INFO o.a.j.t.JMeterThread: Thread started: SAS Full Flow Thread Group 1-20
2025-07-15 15:27:27,248 INFO o.a.j.t.JMeterThread: Thread started: SAS Full Flow Thread Group 1-21
2025-07-15 15:27:29,048 INFO o.a.j.t.JMeterThread: Thread started: SAS Full Flow Thread Group 1-22
2025-07-15 15:27:30,847 INFO o.a.j.t.JMeterThread: Thread started: SAS Full Flow Thread Group 1-23
2025-07-15 15:27:31,384 INFO o.a.j.r.Summariser: summary +    134 in 00:00:31 =    4.4/s Avg:  2875 Min:    99 Max:  3074 Err:   134 (100.00%) Active: 23 Started: 23 Finished: 0
2025-07-15 15:27:31,385 INFO o.a.j.r.Summariser: summary =    141 in 00:00:40 =    3.5/s Avg:  2856 Min:    99 Max:  3086 Err:   141 (100.00%)
2025-07-15 15:27:32,648 INFO o.a.j.t.JMeterThread: Thread started: SAS Full Flow Thread Group 1-24
2025-07-15 15:27:34,447 INFO o.a.j.t.JMeterThread: Thread started: SAS Full Flow Thread Group 1-25
2025-07-15 15:27:36,249 INFO o.a.j.t.JMeterThread: Thread started: SAS Full Flow Thread Group 1-26
2025-07-15 15:27:38,049 INFO o.a.j.t.JMeterThread: Thread started: SAS Full Flow Thread Group 1-27
2025-07-15 15:27:39,848 INFO o.a.j.t.JMeterThread: Thread started: SAS Full Flow Thread Group 1-28
2025-07-15 15:27:41,647 INFO o.a.j.t.JMeterThread: Thread started: SAS Full Flow Thread Group 1-29
2025-07-15 15:27:43,448 INFO o.a.j.t.JMeterThread: Thread started: SAS Full Flow Thread Group 1-30
2025-07-15 15:27:45,248 INFO o.a.j.t.JMeterThread: Thread started: SAS Full Flow Thread Group 1-31
2025-07-15 15:27:47,049 INFO o.a.j.t.JMeterThread: Thread started: SAS Full Flow Thread Group 1-32
2025-07-15 15:27:48,848 INFO o.a.j.t.JMeterThread: Thread started: SAS Full Flow Thread Group 1-33
2025-07-15 15:27:50,648 INFO o.a.j.t.JMeterThread: Thread started: SAS Full Flow Thread Group 1-34
2025-07-15 15:27:52,447 INFO o.a.j.t.JMeterThread: Thread started: SAS Full Flow Thread Group 1-35
2025-07-15 15:27:54,249 INFO o.a.j.t.JMeterThread: Thread started: SAS Full Flow Thread Group 1-36
2025-07-15 15:27:56,048 INFO o.a.j.t.JMeterThread: Thread started: SAS Full Flow Thread Group 1-37
2025-07-15 15:27:57,848 INFO o.a.j.t.JMeterThread: Thread started: SAS Full Flow Thread Group 1-38
2025-07-15 15:27:59,648 INFO o.a.j.t.JMeterThread: Thread started: SAS Full Flow Thread Group 1-39
2025-07-15 15:28:01,449 INFO o.a.j.t.JMeterThread: Thread started: SAS Full Flow Thread Group 1-40
2025-07-15 15:28:02,103 INFO o.a.j.r.Summariser: summary +    305 in 00:00:31 =    9.9/s Avg:  2981 Min:     7 Max:  3077 Err:   305 (100.00%) Active: 40 Started: 40 Finished: 0
2025-07-15 15:28:02,104 INFO o.a.j.r.Summariser: summary =    446 in 00:01:11 =    6.3/s Avg:  2942 Min:     7 Max:  3086 Err:   446 (100.00%)
2025-07-15 15:28:03,248 INFO o.a.j.t.JMeterThread: Thread started: SAS Full Flow Thread Group 1-41
2025-07-15 15:28:05,048 INFO o.a.j.t.JMeterThread: Thread started: SAS Full Flow Thread Group 1-42
2025-07-15 15:28:06,848 INFO o.a.j.t.JMeterThread: Thread started: SAS Full Flow Thread Group 1-43
2025-07-15 15:28:08,649 INFO o.a.j.t.JMeterThread: Thread started: SAS Full Flow Thread Group 1-44
2025-07-15 15:28:10,447 INFO o.a.j.t.JMeterThread: Thread started: SAS Full Flow Thread Group 1-45
2025-07-15 15:28:12,247 INFO o.a.j.t.JMeterThread: Thread started: SAS Full Flow Thread Group 1-46
2025-07-15 15:28:14,048 INFO o.a.j.t.JMeterThread: Thread started: SAS Full Flow Thread Group 1-47
2025-07-15 15:28:15,848 INFO o.a.j.t.JMeterThread: Thread started: SAS Full Flow Thread Group 1-48
2025-07-15 15:28:17,648 INFO o.a.j.t.JMeterThread: Thread started: SAS Full Flow Thread Group 1-49
2025-07-15 15:28:19,447 INFO o.a.j.t.JMeterThread: Thread started: SAS Full Flow Thread Group 1-50
2025-07-15 15:28:32,825 INFO o.a.j.r.Summariser: summary +    429 in 00:00:31 =   14.0/s Avg:  3284 Min:   126 Max:  6149 Err:   429 (100.00%) Active: 50 Started: 50 Finished: 0
2025-07-15 15:28:32,826 INFO o.a.j.r.Summariser: summary =    875 in 00:01:42 =    8.6/s Avg:  3110 Min:     7 Max:  6149 Err:   875 (100.00%)
2025-07-15 15:29:00,472 INFO o.a.j.r.Summariser: summary +    338 in 00:00:28 =   12.2/s Avg:  3843 Min:  3067 Max:  6147 Err:   338 (100.00%) Active: 50 Started: 50 Finished: 0
2025-07-15 15:29:00,472 INFO o.a.j.r.Summariser: summary =   1213 in 00:02:09 =    9.4/s Avg:  3314 Min:     7 Max:  6149 Err:  1213 (100.00%)
2025-07-15 15:29:31,191 INFO o.a.j.r.Summariser: summary +    494 in 00:00:31 =   16.1/s Avg:  3276 Min:  3062 Max: 36868 Err:   494 (100.00%) Active: 50 Started: 50 Finished: 0
2025-07-15 15:29:31,192 INFO o.a.j.r.Summariser: summary =   1707 in 00:02:40 =   10.7/s Avg:  3303 Min:     7 Max: 36868 Err:  1707 (100.00%)
2025-07-15 15:30:01,912 INFO o.a.j.r.Summariser: summary +    500 in 00:00:31 =   16.3/s Avg:  3071 Min:  3066 Max:  3077 Err:   500 (100.00%) Active: 50 Started: 50 Finished: 0
2025-07-15 15:30:01,912 INFO o.a.j.r.Summariser: summary =   2207 in 00:03:11 =   11.6/s Avg:  3250 Min:     7 Max: 36868 Err:  2207 (100.00%)
2025-07-15 15:30:32,632 INFO o.a.j.r.Summariser: summary +    462 in 00:00:31 =   15.0/s Avg:  3323 Min:  3066 Max:  6147 Err:   462 (100.00%) Active: 50 Started: 50 Finished: 0
2025-07-15 15:30:32,632 INFO o.a.j.r.Summariser: summary =   2669 in 00:03:41 =   12.1/s Avg:  3263 Min:     7 Max: 36868 Err:  2669 (100.00%)
2025-07-15 15:31:00,282 INFO o.a.j.r.Summariser: summary +    384 in 00:00:28 =   13.9/s Avg:  3599 Min:  3066 Max: 21505 Err:   384 (100.00%) Active: 50 Started: 50 Finished: 0
2025-07-15 15:31:00,282 INFO o.a.j.r.Summariser: summary =   3053 in 00:04:09 =   12.3/s Avg:  3305 Min:     7 Max: 36868 Err:  3053 (100.00%)
2025-07-15 15:31:30,999 INFO o.a.j.r.Summariser: summary +    500 in 00:00:31 =   16.3/s Avg:  3071 Min:  3066 Max:  3077 Err:   500 (100.00%) Active: 50 Started: 50 Finished: 0
2025-07-15 15:31:31,000 INFO o.a.j.r.Summariser: summary =   3553 in 00:04:40 =   12.7/s Avg:  3272 Min:     7 Max: 36868 Err:  3553 (100.00%)
2025-07-15 15:32:01,720 INFO o.a.j.r.Summariser: summary +    500 in 00:00:31 =   16.3/s Avg:  3071 Min:  3067 Max:  3077 Err:   500 (100.00%) Active: 50 Started: 50 Finished: 0
2025-07-15 15:32:01,720 INFO o.a.j.r.Summariser: summary =   4053 in 00:05:11 =   13.1/s Avg:  3247 Min:     7 Max: 36868 Err:  4053 (100.00%)
2025-07-15 15:32:32,440 INFO o.a.j.r.Summariser: summary +    500 in 00:00:31 =   16.3/s Avg:  3071 Min:  3066 Max:  3078 Err:   500 (100.00%) Active: 50 Started: 50 Finished: 0
2025-07-15 15:32:32,440 INFO o.a.j.r.Summariser: summary =   4553 in 00:05:41 =   13.3/s Avg:  3228 Min:     7 Max: 36868 Err:  4553 (100.00%)
2025-07-15 15:33:00,088 INFO o.a.j.r.Summariser: summary +    450 in 00:00:28 =   16.3/s Avg:  3071 Min:  3066 Max:  3077 Err:   450 (100.00%) Active: 50 Started: 50 Finished: 0
2025-07-15 15:33:00,088 INFO o.a.j.r.Summariser: summary =   5003 in 00:06:09 =   13.6/s Avg:  3214 Min:     7 Max: 36868 Err:  5003 (100.00%)
2025-07-15 15:33:30,808 INFO o.a.j.r.Summariser: summary +    440 in 00:00:31 =   14.3/s Avg:  3336 Min:  3067 Max:  6146 Err:   440 (100.00%) Active: 50 Started: 50 Finished: 0
2025-07-15 15:33:30,808 INFO o.a.j.r.Summariser: summary =   5443 in 00:06:40 =   13.6/s Avg:  3224 Min:     7 Max: 36868 Err:  5443 (100.00%)
2025-07-15 15:34:01,528 INFO o.a.j.r.Summariser: summary +    426 in 00:00:31 =   13.9/s Avg:  3763 Min:  3066 Max: 21505 Err:   426 (100.00%) Active: 50 Started: 50 Finished: 0
2025-07-15 15:34:01,529 INFO o.a.j.r.Summariser: summary =   5869 in 00:07:10 =   13.6/s Avg:  3263 Min:     7 Max: 36868 Err:  5869 (100.00%)
2025-07-15 15:34:32,248 INFO o.a.j.r.Summariser: summary +    448 in 00:00:31 =   14.6/s Avg:  3352 Min:  3066 Max:  6146 Err:   448 (100.00%) Active: 50 Started: 50 Finished: 0
2025-07-15 15:34:32,248 INFO o.a.j.r.Summariser: summary =   6317 in 00:07:41 =   13.7/s Avg:  3269 Min:     7 Max: 36868 Err:  6317 (100.00%)
2025-07-15 15:35:02,968 INFO o.a.j.r.Summariser: summary +    460 in 00:00:31 =   15.0/s Avg:  3351 Min:  3063 Max: 21502 Err:   460 (100.00%) Active: 50 Started: 50 Finished: 0
2025-07-15 15:35:02,968 INFO o.a.j.r.Summariser: summary =   6777 in 00:08:12 =   13.8/s Avg:  3275 Min:     7 Max: 36868 Err:  6777 (100.00%)
2025-07-15 15:35:30,615 INFO o.a.j.r.Summariser: summary +    448 in 00:00:28 =   16.2/s Avg:  3146 Min:  3061 Max: 36860 Err:   448 (100.00%) Active: 50 Started: 50 Finished: 0
2025-07-15 15:35:30,616 INFO o.a.j.r.Summariser: summary =   7225 in 00:08:39 =   13.9/s Avg:  3267 Min:     7 Max: 36868 Err:  7225 (100.00%)
2025-07-15 15:36:01,335 INFO o.a.j.r.Summariser: summary +    376 in 00:00:31 =   12.2/s Avg:  3888 Min:  3069 Max:  6147 Err:   376 (100.00%) Active: 50 Started: 50 Finished: 0
2025-07-15 15:36:01,336 INFO o.a.j.r.Summariser: summary =   7601 in 00:09:10 =   13.8/s Avg:  3298 Min:     7 Max: 36868 Err:  7601 (100.00%)
2025-07-15 15:36:32,055 INFO o.a.j.r.Summariser: summary +    436 in 00:00:31 =   14.2/s Avg:  3663 Min:  3069 Max:  6147 Err:   436 (100.00%) Active: 50 Started: 50 Finished: 0
2025-07-15 15:36:32,056 INFO o.a.j.r.Summariser: summary =   8037 in 00:09:41 =   13.8/s Avg:  3317 Min:     7 Max: 36868 Err:  8037 (100.00%)
2025-07-15 15:36:44,344 INFO o.a.j.t.JMeterThread: Thread is done: SAS Full Flow Thread Group 1-4
2025-07-15 15:36:44,344 INFO o.a.j.t.JMeterThread: Thread finished: SAS Full Flow Thread Group 1-4
2025-07-15 15:36:50,487 INFO o.a.j.t.JMeterThread: Thread is done: SAS Full Flow Thread Group 1-3
2025-07-15 15:36:50,487 INFO o.a.j.t.JMeterThread: Thread finished: SAS Full Flow Thread Group 1-3
2025-07-15 15:36:50,489 INFO o.a.j.t.JMeterThread: Thread is done: SAS Full Flow Thread Group 1-1
2025-07-15 15:36:50,489 INFO o.a.j.t.JMeterThread: Thread finished: SAS Full Flow Thread Group 1-1
2025-07-15 15:36:53,560 INFO o.a.j.t.JMeterThread: Thread is done: SAS Full Flow Thread Group 1-13
2025-07-15 15:36:53,560 INFO o.a.j.t.JMeterThread: Thread finished: SAS Full Flow Thread Group 1-13
2025-07-15 15:36:53,562 INFO o.a.j.t.JMeterThread: Thread is done: SAS Full Flow Thread Group 1-5
2025-07-15 15:36:53,562 INFO o.a.j.t.JMeterThread: Thread finished: SAS Full Flow Thread Group 1-5
2025-07-15 15:36:56,632 INFO o.a.j.t.JMeterThread: Thread is done: SAS Full Flow Thread Group 1-19
2025-07-15 15:36:56,632 INFO o.a.j.t.JMeterThread: Thread finished: SAS Full Flow Thread Group 1-19
2025-07-15 15:36:56,633 INFO o.a.j.t.JMeterThread: Thread is done: SAS Full Flow Thread Group 1-6
2025-07-15 15:36:56,633 INFO o.a.j.t.JMeterThread: Thread finished: SAS Full Flow Thread Group 1-6
2025-07-15 15:36:59,703 INFO o.a.j.t.JMeterThread: Thread is done: SAS Full Flow Thread Group 1-7
2025-07-15 15:36:59,703 INFO o.a.j.t.JMeterThread: Thread finished: SAS Full Flow Thread Group 1-7
2025-07-15 15:36:59,704 INFO o.a.j.t.JMeterThread: Thread is done: SAS Full Flow Thread Group 1-11
2025-07-15 15:36:59,704 INFO o.a.j.t.JMeterThread: Thread finished: SAS Full Flow Thread Group 1-11
2025-07-15 15:36:59,704 INFO o.a.j.t.JMeterThread: Thread is done: SAS Full Flow Thread Group 1-18
2025-07-15 15:36:59,704 INFO o.a.j.t.JMeterThread: Thread finished: SAS Full Flow Thread Group 1-18
2025-07-15 15:36:59,705 INFO o.a.j.t.JMeterThread: Thread is done: SAS Full Flow Thread Group 1-8
2025-07-15 15:36:59,705 INFO o.a.j.t.JMeterThread: Thread finished: SAS Full Flow Thread Group 1-8
2025-07-15 15:37:02,775 INFO o.a.j.t.JMeterThread: Thread is done: SAS Full Flow Thread Group 1-9
2025-07-15 15:37:02,775 INFO o.a.j.r.Summariser: summary +    445 in 00:00:31 =   14.5/s Avg:  3361 Min:  3069 Max:  6145 Err:   445 (100.00%) Active: 39 Started: 50 Finished: 11
2025-07-15 15:37:02,776 INFO o.a.j.t.JMeterThread: Thread finished: SAS Full Flow Thread Group 1-9
2025-07-15 15:37:02,778 INFO o.a.j.r.Summariser: summary =   8482 in 00:10:12 =   13.9/s Avg:  3320 Min:     7 Max: 36868 Err:  8482 (100.00%)
2025-07-15 15:37:05,847 INFO o.a.j.t.JMeterThread: Thread is done: SAS Full Flow Thread Group 1-12
2025-07-15 15:37:05,847 INFO o.a.j.t.JMeterThread: Thread finished: SAS Full Flow Thread Group 1-12
2025-07-15 15:37:08,920 INFO o.a.j.t.JMeterThread: Thread is done: SAS Full Flow Thread Group 1-17
2025-07-15 15:37:08,920 INFO o.a.j.t.JMeterThread: Thread finished: SAS Full Flow Thread Group 1-17
2025-07-15 15:37:08,921 INFO o.a.j.t.JMeterThread: Thread is done: SAS Full Flow Thread Group 1-10
2025-07-15 15:37:08,921 INFO o.a.j.t.JMeterThread: Thread finished: SAS Full Flow Thread Group 1-10
2025-07-15 15:37:11,991 INFO o.a.j.t.JMeterThread: Thread is done: SAS Full Flow Thread Group 1-2
2025-07-15 15:37:11,991 INFO o.a.j.t.JMeterThread: Thread finished: SAS Full Flow Thread Group 1-2
2025-07-15 15:37:11,992 INFO o.a.j.t.JMeterThread: Thread is done: SAS Full Flow Thread Group 1-22
2025-07-15 15:37:11,992 INFO o.a.j.t.JMeterThread: Thread finished: SAS Full Flow Thread Group 1-22
2025-07-15 15:37:11,992 INFO o.a.j.t.JMeterThread: Thread is done: SAS Full Flow Thread Group 1-20
2025-07-15 15:37:11,992 INFO o.a.j.t.JMeterThread: Thread finished: SAS Full Flow Thread Group 1-20
2025-07-15 15:37:15,063 INFO o.a.j.t.JMeterThread: Thread is done: SAS Full Flow Thread Group 1-26
2025-07-15 15:37:15,063 INFO o.a.j.t.JMeterThread: Thread finished: SAS Full Flow Thread Group 1-26
2025-07-15 15:37:18,135 INFO o.a.j.t.JMeterThread: Thread is done: SAS Full Flow Thread Group 1-24
2025-07-15 15:37:18,135 INFO o.a.j.t.JMeterThread: Thread finished: SAS Full Flow Thread Group 1-24
2025-07-15 15:37:18,137 INFO o.a.j.t.JMeterThread: Thread is done: SAS Full Flow Thread Group 1-21
2025-07-15 15:37:18,137 INFO o.a.j.t.JMeterThread: Thread finished: SAS Full Flow Thread Group 1-21
2025-07-15 15:37:24,279 INFO o.a.j.t.JMeterThread: Thread is done: SAS Full Flow Thread Group 1-15
2025-07-15 15:37:24,280 INFO o.a.j.t.JMeterThread: Thread finished: SAS Full Flow Thread Group 1-15
2025-07-15 15:37:24,280 INFO o.a.j.t.JMeterThread: Thread is done: SAS Full Flow Thread Group 1-16
2025-07-15 15:37:24,280 INFO o.a.j.t.JMeterThread: Thread finished: SAS Full Flow Thread Group 1-16
2025-07-15 15:37:27,352 INFO o.a.j.t.JMeterThread: Thread is done: SAS Full Flow Thread Group 1-28
2025-07-15 15:37:27,352 INFO o.a.j.t.JMeterThread: Thread finished: SAS Full Flow Thread Group 1-28
2025-07-15 15:37:30,423 INFO o.a.j.t.JMeterThread: Thread is done: SAS Full Flow Thread Group 1-31
2025-07-15 15:37:30,424 INFO o.a.j.t.JMeterThread: Thread finished: SAS Full Flow Thread Group 1-31
2025-07-15 15:37:30,425 INFO o.a.j.r.Summariser: summary +    297 in 00:00:28 =   10.7/s Avg:  3071 Min:  3069 Max:  3074 Err:   297 (100.00%) Active: 25 Started: 50 Finished: 25
2025-07-15 15:37:30,425 INFO o.a.j.r.Summariser: summary =   8779 in 00:10:39 =   13.7/s Avg:  3311 Min:     7 Max: 36868 Err:  8779 (100.00%)
2025-07-15 15:37:33,495 INFO o.a.j.t.JMeterThread: Thread is done: SAS Full Flow Thread Group 1-36
2025-07-15 15:37:33,496 INFO o.a.j.t.JMeterThread: Thread finished: SAS Full Flow Thread Group 1-36
2025-07-15 15:37:36,567 INFO o.a.j.t.JMeterThread: Thread is done: SAS Full Flow Thread Group 1-42
2025-07-15 15:37:36,567 INFO o.a.j.t.JMeterThread: Thread finished: SAS Full Flow Thread Group 1-42
2025-07-15 15:37:36,568 INFO o.a.j.t.JMeterThread: Thread is done: SAS Full Flow Thread Group 1-14
2025-07-15 15:37:36,568 INFO o.a.j.t.JMeterThread: Thread is done: SAS Full Flow Thread Group 1-35
2025-07-15 15:37:36,568 INFO o.a.j.t.JMeterThread: Thread finished: SAS Full Flow Thread Group 1-14
2025-07-15 15:37:36,568 INFO o.a.j.t.JMeterThread: Thread finished: SAS Full Flow Thread Group 1-35
2025-07-15 15:37:39,639 INFO o.a.j.t.JMeterThread: Thread is done: SAS Full Flow Thread Group 1-27
2025-07-15 15:37:39,639 INFO o.a.j.t.JMeterThread: Thread is done: SAS Full Flow Thread Group 1-45
2025-07-15 15:37:39,639 INFO o.a.j.t.JMeterThread: Thread finished: SAS Full Flow Thread Group 1-27
2025-07-15 15:37:39,639 INFO o.a.j.t.JMeterThread: Thread finished: SAS Full Flow Thread Group 1-45
2025-07-15 15:37:39,640 INFO o.a.j.t.JMeterThread: Thread is done: SAS Full Flow Thread Group 1-30
2025-07-15 15:37:39,640 INFO o.a.j.t.JMeterThread: Thread finished: SAS Full Flow Thread Group 1-30
2025-07-15 15:37:42,712 INFO o.a.j.t.JMeterThread: Thread is done: SAS Full Flow Thread Group 1-32
2025-07-15 15:37:42,713 INFO o.a.j.t.JMeterThread: Thread finished: SAS Full Flow Thread Group 1-32
2025-07-15 15:37:45,783 INFO o.a.j.t.JMeterThread: Thread is done: SAS Full Flow Thread Group 1-41
2025-07-15 15:37:45,784 INFO o.a.j.t.JMeterThread: Thread finished: SAS Full Flow Thread Group 1-41
2025-07-15 15:37:48,855 INFO o.a.j.t.JMeterThread: Thread is done: SAS Full Flow Thread Group 1-39
2025-07-15 15:37:48,856 INFO o.a.j.t.JMeterThread: Thread is done: SAS Full Flow Thread Group 1-34
2025-07-15 15:37:48,856 INFO o.a.j.t.JMeterThread: Thread finished: SAS Full Flow Thread Group 1-34
2025-07-15 15:37:48,857 INFO o.a.j.t.JMeterThread: Thread finished: SAS Full Flow Thread Group 1-39
2025-07-15 15:37:51,927 INFO o.a.j.t.JMeterThread: Thread is done: SAS Full Flow Thread Group 1-40
2025-07-15 15:37:51,927 INFO o.a.j.t.JMeterThread: Thread is done: SAS Full Flow Thread Group 1-38
2025-07-15 15:37:51,927 INFO o.a.j.t.JMeterThread: Thread finished: SAS Full Flow Thread Group 1-40
2025-07-15 15:37:51,927 INFO o.a.j.t.JMeterThread: Thread finished: SAS Full Flow Thread Group 1-38
2025-07-15 15:37:51,927 INFO o.a.j.t.JMeterThread: Thread is done: SAS Full Flow Thread Group 1-37
2025-07-15 15:37:51,928 INFO o.a.j.t.JMeterThread: Thread finished: SAS Full Flow Thread Group 1-37
2025-07-15 15:37:54,999 INFO o.a.j.t.JMeterThread: Thread is done: SAS Full Flow Thread Group 1-46
2025-07-15 15:37:54,999 INFO o.a.j.t.JMeterThread: Thread finished: SAS Full Flow Thread Group 1-46
2025-07-15 15:37:58,071 INFO o.a.j.t.JMeterThread: Thread is done: SAS Full Flow Thread Group 1-23
2025-07-15 15:37:58,071 INFO o.a.j.t.JMeterThread: Thread finished: SAS Full Flow Thread Group 1-23
2025-07-15 15:38:01,143 INFO o.a.j.r.Summariser: summary +    182 in 00:00:31 =    5.9/s Avg:  3071 Min:  3070 Max:  3074 Err:   182 (100.00%) Active: 9 Started: 50 Finished: 41
2025-07-15 15:38:01,143 INFO o.a.j.t.JMeterThread: Thread is done: SAS Full Flow Thread Group 1-47
2025-07-15 15:38:01,144 INFO o.a.j.t.JMeterThread: Thread finished: SAS Full Flow Thread Group 1-47
2025-07-15 15:38:01,144 INFO o.a.j.r.Summariser: summary =   8961 in 00:11:10 =   13.4/s Avg:  3306 Min:     7 Max: 36868 Err:  8961 (100.00%)
2025-07-15 15:38:04,215 INFO o.a.j.t.JMeterThread: Thread is done: SAS Full Flow Thread Group 1-33
2025-07-15 15:38:04,215 INFO o.a.j.t.JMeterThread: Thread is done: SAS Full Flow Thread Group 1-44
2025-07-15 15:38:04,215 INFO o.a.j.t.JMeterThread: Thread finished: SAS Full Flow Thread Group 1-33
2025-07-15 15:38:04,215 INFO o.a.j.t.JMeterThread: Thread is done: SAS Full Flow Thread Group 1-25
2025-07-15 15:38:04,215 INFO o.a.j.t.JMeterThread: Thread finished: SAS Full Flow Thread Group 1-44
2025-07-15 15:38:04,215 INFO o.a.j.t.JMeterThread: Thread finished: SAS Full Flow Thread Group 1-25
2025-07-15 15:38:10,359 INFO o.a.j.t.JMeterThread: Thread is done: SAS Full Flow Thread Group 1-29
2025-07-15 15:38:10,359 INFO o.a.j.t.JMeterThread: Thread finished: SAS Full Flow Thread Group 1-29
2025-07-15 15:38:13,431 INFO o.a.j.t.JMeterThread: Thread is done: SAS Full Flow Thread Group 1-49
2025-07-15 15:38:13,431 INFO o.a.j.t.JMeterThread: Thread is done: SAS Full Flow Thread Group 1-43
2025-07-15 15:38:13,431 INFO o.a.j.t.JMeterThread: Thread finished: SAS Full Flow Thread Group 1-49
2025-07-15 15:38:13,431 INFO o.a.j.t.JMeterThread: Thread finished: SAS Full Flow Thread Group 1-43
2025-07-15 15:38:19,575 INFO o.a.j.t.JMeterThread: Thread is done: SAS Full Flow Thread Group 1-48
2025-07-15 15:38:19,575 INFO o.a.j.t.JMeterThread: Thread finished: SAS Full Flow Thread Group 1-48
2025-07-15 15:38:31,863 INFO o.a.j.r.Summariser: summary +     38 in 00:00:31 =    1.2/s Avg:  3071 Min:  3070 Max:  3072 Err:    38 (100.00%) Active: 1 Started: 50 Finished: 49
2025-07-15 15:38:31,863 INFO o.a.j.r.Summariser: summary =   8999 in 00:11:41 =   12.8/s Avg:  3305 Min:     7 Max: 36868 Err:  8999 (100.00%)
2025-07-15 15:38:34,935 INFO o.a.j.t.JMeterThread: Thread is done: SAS Full Flow Thread Group 1-50
2025-07-15 15:38:34,935 INFO o.a.j.t.JMeterThread: Thread finished: SAS Full Flow Thread Group 1-50
2025-07-15 15:38:34,935 INFO o.a.j.e.StandardJMeterEngine: Notifying test listeners of end of test
2025-07-15 15:38:34,937 INFO o.a.j.r.Summariser: summary +      1 in 00:00:03 =    0.3/s Avg:  3071 Min:  3071 Max:  3071 Err:     1 (100.00%) Active: 0 Started: 50 Finished: 50
2025-07-15 15:38:34,937 INFO o.a.j.r.Summariser: summary =   9000 in 00:11:44 =   12.8/s Avg:  3305 Min:     7 Max: 36868 Err:  9000 (100.00%)
